TN:
SF:/Users/cent_amadi/Documents/Projects/redux/hiddenwisdom-react-js/src/js/actions/proverbActions.js
FN:9,loadProverbsSuccess
FN:17,loadProverbSuccess
FN:25,updateProverbSuccess
FN:29,loadProverbs
FN:30,(anonymous_6)
FN:32,(anonymous_7)
FN:38,loadProverb
FN:39,(anonymous_9)
FN:41,(anonymous_10)
FNF:9
FNH:4
FNDA:3,loadProverbsSuccess
FNDA:0,loadProverbSuccess
FNDA:3,updateProverbSuccess
FNDA:1,loadProverbs
FNDA:1,(anonymous_6)
FNDA:0,(anonymous_7)
FNDA:0,loadProverb
FNDA:0,(anonymous_9)
FNDA:0,(anonymous_10)
DA:1,1
DA:2,1
DA:3,1
DA:10,3
DA:18,0
DA:26,3
DA:30,1
DA:31,1
DA:33,0
DA:39,0
DA:40,0
DA:42,0
LF:12
LH:7
BRF:0
BRH:0
end_of_record
TN:
SF:/Users/cent_amadi/Documents/Projects/redux/hiddenwisdom-react-js/src/js/actions/proverbActions.spec.js
FN:10,(anonymous_3)
FN:11,(anonymous_4)
FN:12,(anonymous_5)
FN:34,(anonymous_6)
FN:35,(anonymous_7)
FN:39,(anonymous_8)
FN:55,(anonymous_9)
FNF:7
FNH:6
FNDA:1,(anonymous_3)
FNDA:1,(anonymous_4)
FNDA:1,(anonymous_5)
FNDA:1,(anonymous_6)
FNDA:1,(anonymous_7)
FNDA:1,(anonymous_8)
FNDA:0,(anonymous_9)
DA:1,1
DA:2,1
DA:3,1
DA:4,1
DA:5,1
DA:6,1
DA:8,1
DA:11,1
DA:12,1
DA:14,1
DA:17,1
DA:23,1
DA:26,1
DA:31,1
DA:32,1
DA:35,1
DA:36,1
DA:39,1
DA:41,1
DA:43,1
DA:47,1
DA:52,1
DA:53,1
DA:55,1
DA:56,0
DA:61,1
LF:26
LH:25
BRF:0
BRH:0
end_of_record
TN:
SF:/Users/cent_amadi/Documents/Projects/redux/hiddenwisdom-react-js/src/js/actions/translationActions.js
FN:10,loadTranslationsSuccess
FN:18,updateTranslationSuccess
FN:22,loadTranslations
FN:23,(anonymous_5)
FN:25,(anonymous_6)
FNF:5
FNH:4
FNDA:2,loadTranslationsSuccess
FNDA:2,updateTranslationSuccess
FNDA:1,loadTranslations
FNDA:1,(anonymous_5)
FNDA:0,(anonymous_6)
DA:1,1
DA:2,1
DA:3,1
DA:11,2
DA:19,2
DA:23,1
DA:24,1
DA:26,0
LF:8
LH:7
BRF:0
BRH:0
end_of_record
TN:
SF:/Users/cent_amadi/Documents/Projects/redux/hiddenwisdom-react-js/src/js/actions/translationActions.spec.js
FN:11,(anonymous_3)
FN:12,(anonymous_4)
FN:13,(anonymous_5)
FN:37,(anonymous_6)
FN:38,(anonymous_7)
FN:42,(anonymous_8)
FN:58,(anonymous_9)
FNF:7
FNH:6
FNDA:1,(anonymous_3)
FNDA:1,(anonymous_4)
FNDA:1,(anonymous_5)
FNDA:1,(anonymous_6)
FNDA:1,(anonymous_7)
FNDA:1,(anonymous_8)
FNDA:0,(anonymous_9)
DA:1,1
DA:2,1
DA:3,1
DA:5,1
DA:6,1
DA:7,1
DA:9,1
DA:12,1
DA:13,1
DA:15,1
DA:18,1
DA:19,1
DA:26,1
DA:29,1
DA:34,1
DA:35,1
DA:38,1
DA:39,1
DA:42,1
DA:44,1
DA:46,1
DA:50,1
DA:55,1
DA:56,1
DA:58,1
DA:59,0
DA:64,1
LF:27
LH:26
BRF:0
BRH:0
end_of_record
TN:
SF:/Users/cent_amadi/Documents/Projects/redux/hiddenwisdom-react-js/src/js/api/mockProverbsApi.js
FN:11,replaceAll
FN:15,proverbWithTranslation
FN:16,(anonymous_8)
FN:17,(anonymous_9)
FN:22,generateId
FN:28,(anonymous_14)
FN:29,(anonymous_15)
FN:36,(anonymous_17)
FN:37,(anonymous_18)
FN:45,(anonymous_20)
FN:46,(anonymous_21)
FN:54,(anonymous_22)
FN:70,(anonymous_24)
FN:71,(anonymous_25)
FN:72,(anonymous_26)
FNF:15
FNH:4
FNDA:0,replaceAll
FNDA:1,proverbWithTranslation
FNDA:8,(anonymous_8)
FNDA:8,(anonymous_9)
FNDA:0,generateId
FNDA:2,(anonymous_14)
FNDA:0,(anonymous_15)
FNDA:0,(anonymous_17)
FNDA:0,(anonymous_18)
FNDA:0,(anonymous_20)
FNDA:0,(anonymous_21)
FNDA:0,(anonymous_22)
FNDA:0,(anonymous_24)
FNDA:0,(anonymous_25)
FNDA:0,(anonymous_26)
DA:1,1
DA:2,1
DA:3,1
DA:12,0
DA:16,8
DA:17,8
DA:18,1
DA:22,1
DA:23,0
DA:28,2
DA:29,2
DA:30,0
DA:36,0
DA:37,0
DA:38,0
DA:44,0
DA:45,0
DA:46,0
DA:48,0
DA:49,0
DA:50,0
DA:53,0
DA:54,0
DA:55,0
DA:61,0
DA:64,0
DA:70,0
DA:71,0
DA:72,0
DA:73,0
DA:75,0
DA:76,0
LF:32
LH:9
BRDA:49,1,0,0
BRDA:49,1,1,0
BRDA:53,2,0,0
BRDA:53,2,1,0
BRF:4
BRH:0
end_of_record
TN:
SF:/Users/cent_amadi/Documents/Projects/redux/hiddenwisdom-react-js/src/js/api/mockProverbsApi.spec.js
FN:6,(anonymous_2)
FN:7,(anonymous_3)
FN:9,(anonymous_4)
FN:15,(anonymous_5)
FN:16,(anonymous_6)
FN:20,(anonymous_7)
FNF:6
FNH:5
FNDA:1,(anonymous_2)
FNDA:1,(anonymous_3)
FNDA:0,(anonymous_4)
FNDA:1,(anonymous_5)
FNDA:1,(anonymous_6)
FNDA:8,(anonymous_7)
DA:1,1
DA:2,1
DA:3,1
DA:4,1
DA:7,1
DA:8,1
DA:10,0
DA:16,1
DA:17,1
DA:18,1
DA:19,1
DA:20,8
DA:21,1
LF:13
LH:12
BRF:0
BRH:0
end_of_record
TN:
SF:/Users/cent_amadi/Documents/Projects/redux/hiddenwisdom-react-js/src/js/api/mockTranslationsApi.js
FN:10,replaceAll
FN:15,generateId
FN:21,(anonymous_11)
FN:22,(anonymous_12)
FN:30,(anonymous_14)
FN:31,(anonymous_15)
FN:39,(anonymous_16)
FN:55,(anonymous_18)
FN:56,(anonymous_19)
FN:57,(anonymous_20)
FNF:10
FNH:1
FNDA:0,replaceAll
FNDA:0,generateId
FNDA:1,(anonymous_11)
FNDA:0,(anonymous_12)
FNDA:0,(anonymous_14)
FNDA:0,(anonymous_15)
FNDA:0,(anonymous_16)
FNDA:0,(anonymous_18)
FNDA:0,(anonymous_19)
FNDA:0,(anonymous_20)
DA:1,1
DA:2,1
DA:11,0
DA:15,1
DA:16,0
DA:21,1
DA:22,1
DA:23,0
DA:29,0
DA:30,0
DA:31,0
DA:33,0
DA:34,0
DA:35,0
DA:38,0
DA:39,0
DA:40,0
DA:46,0
DA:49,0
DA:55,0
DA:56,0
DA:57,0
DA:58,0
DA:60,0
DA:61,0
LF:25
LH:5
BRDA:34,1,0,0
BRDA:34,1,1,0
BRDA:38,2,0,0
BRDA:38,2,1,0
BRF:4
BRH:0
end_of_record
TN:
SF:/Users/cent_amadi/Documents/Projects/redux/hiddenwisdom-react-js/src/js/api/data/proverbs.js
FNF:0
FNH:0
DA:3,1
LF:1
LH:1
BRF:0
BRH:0
end_of_record
TN:
SF:/Users/cent_amadi/Documents/Projects/redux/hiddenwisdom-react-js/src/js/api/data/translations.js
FNF:0
FNH:0
DA:3,1
LF:1
LH:1
BRF:0
BRH:0
end_of_record
TN:
SF:/Users/cent_amadi/Documents/Projects/redux/hiddenwisdom-react-js/src/js/components/about/Index.js
FN:3,About
FNF:1
FNH:1
FNDA:1,About
DA:1,1
DA:3,1
DA:4,1
LF:3
LH:3
BRF:0
BRH:0
end_of_record
TN:
SF:/Users/cent_amadi/Documents/Projects/redux/hiddenwisdom-react-js/src/js/components/about/Index.spec.js
FN:15,(anonymous_3)
FN:16,(anonymous_4)
FNF:2
FNH:2
FNDA:1,(anonymous_3)
FNDA:1,(anonymous_4)
DA:1,1
DA:2,1
DA:3,1
DA:4,1
DA:10,1
DA:12,1
DA:16,1
DA:17,1
DA:20,1
LF:9
LH:9
BRF:0
BRH:0
end_of_record
TN:
SF:/Users/cent_amadi/Documents/Projects/redux/hiddenwisdom-react-js/src/js/components/common/cards/proverbs/ProverbCard.js
FN:4,ProverbCard
FN:16,(anonymous_3)
FNF:2
FNH:2
FNDA:2,ProverbCard
FNDA:2,(anonymous_3)
DA:1,1
DA:2,1
DA:4,2
DA:5,2
DA:17,2
LF:5
LH:5
BRDA:16,1,0,2
BRDA:16,1,1,2
BRF:2
BRH:2
end_of_record
TN:
SF:/Users/cent_amadi/Documents/Projects/redux/hiddenwisdom-react-js/src/js/components/common/cards/proverbs/ProverbCard.spec.js
FN:23,setup
FN:30,(anonymous_3)
FN:33,(anonymous_4)
FN:37,(anonymous_5)
FN:42,(anonymous_6)
FNF:5
FNH:5
FNDA:2,setup
FNDA:1,(anonymous_3)
FNDA:2,(anonymous_4)
FNDA:1,(anonymous_5)
FNDA:1,(anonymous_6)
DA:1,1
DA:2,1
DA:3,1
DA:4,1
DA:6,1
DA:24,2
DA:27,2
DA:31,1
DA:33,1
DA:34,2
DA:37,1
DA:38,1
DA:39,1
DA:42,1
DA:43,1
DA:44,1
LF:16
LH:16
BRF:0
BRH:0
end_of_record
TN:
SF:/Users/cent_amadi/Documents/Projects/redux/hiddenwisdom-react-js/src/js/components/common/cards/proverbs/ProverbCards.js
FN:4,ProverbCards
FN:7,(anonymous_3)
FNF:2
FNH:2
FNDA:1,ProverbCards
FNDA:2,(anonymous_3)
DA:1,1
DA:2,1
DA:4,1
DA:5,1
DA:8,2
LF:5
LH:5
BRF:0
BRH:0
end_of_record
TN:
SF:/Users/cent_amadi/Documents/Projects/redux/hiddenwisdom-react-js/src/js/components/common/cards/proverbs/ProverbCards.spec.js
FN:19,(anonymous_3)
FN:20,(anonymous_4)
FNF:2
FNH:2
FNDA:1,(anonymous_3)
FNDA:1,(anonymous_4)
DA:1,1
DA:2,1
DA:3,1
DA:4,1
DA:10,1
DA:16,1
DA:20,1
DA:21,1
DA:24,1
LF:9
LH:9
BRF:0
BRH:0
end_of_record
TN:
SF:/Users/cent_amadi/Documents/Projects/redux/hiddenwisdom-react-js/src/js/components/common/cards/translations/Translation.js
FN:4,Translation
FNF:1
FNH:1
FNDA:3,Translation
DA:1,1
DA:2,1
DA:4,3
DA:5,3
LF:4
LH:4
BRF:0
BRH:0
end_of_record
TN:
SF:/Users/cent_amadi/Documents/Projects/redux/hiddenwisdom-react-js/src/js/components/common/cards/translations/Translation.spec.js
FN:15,setup
FN:22,(anonymous_3)
FN:25,(anonymous_4)
FN:28,(anonymous_5)
FNF:4
FNH:4
FNDA:1,setup
FNDA:1,(anonymous_3)
FNDA:1,(anonymous_4)
FNDA:1,(anonymous_5)
DA:1,1
DA:2,1
DA:3,1
DA:4,1
DA:6,1
DA:16,1
DA:19,1
DA:23,1
DA:25,1
DA:26,1
DA:28,1
DA:29,1
DA:30,1
DA:31,1
LF:14
LH:14
BRF:0
BRH:0
end_of_record
TN:
SF:/Users/cent_amadi/Documents/Projects/redux/hiddenwisdom-react-js/src/js/components/common/cards/translations/Translations.js
FN:4,Translations
FN:7,(anonymous_3)
FNF:2
FNH:2
FNDA:3,Translations
FNDA:4,(anonymous_3)
DA:1,1
DA:2,1
DA:4,3
DA:5,3
DA:8,4
LF:5
LH:5
BRF:0
BRH:0
end_of_record
TN:
SF:/Users/cent_amadi/Documents/Projects/redux/hiddenwisdom-react-js/src/js/components/common/cards/translations/Translations.spec.js
FN:19,(anonymous_3)
FN:20,(anonymous_4)
FNF:2
FNH:2
FNDA:1,(anonymous_3)
FNDA:1,(anonymous_4)
DA:1,1
DA:2,1
DA:3,1
DA:4,1
DA:10,1
DA:16,1
DA:20,1
DA:21,1
DA:24,1
LF:9
LH:9
BRF:0
BRH:0
end_of_record
TN:
SF:/Users/cent_amadi/Documents/Projects/redux/hiddenwisdom-react-js/src/js/components/header/Index.js
FN:4,Header
FNF:1
FNH:1
FNDA:2,Header
DA:1,1
DA:2,1
DA:4,1
DA:5,2
LF:4
LH:4
BRF:0
BRH:0
end_of_record
TN:
SF:/Users/cent_amadi/Documents/Projects/redux/hiddenwisdom-react-js/src/js/components/header/Index.spec.js
FN:6,setup
FN:10,(anonymous_3)
FN:13,(anonymous_4)
FN:17,(anonymous_5)
FN:22,(anonymous_6)
FNF:5
FNH:5
FNDA:2,setup
FNDA:1,(anonymous_3)
FNDA:2,(anonymous_4)
FNDA:1,(anonymous_5)
FNDA:1,(anonymous_6)
DA:1,1
DA:2,1
DA:3,1
DA:4,1
DA:6,1
DA:7,2
DA:11,1
DA:13,1
DA:14,2
DA:17,1
DA:18,1
DA:22,1
DA:23,1
LF:13
LH:13
BRF:0
BRH:0
end_of_record
TN:
SF:/Users/cent_amadi/Documents/Projects/redux/hiddenwisdom-react-js/src/js/components/home/Index.js
FNF:0
FNH:0
DA:1,1
DA:2,1
DA:6,1
LF:3
LH:3
BRF:0
BRH:0
end_of_record
TN:
SF:/Users/cent_amadi/Documents/Projects/redux/hiddenwisdom-react-js/src/js/components/home/Index.spec.js
FN:6,setup
FN:10,(anonymous_3)
FN:13,(anonymous_4)
FN:17,(anonymous_5)
FNF:4
FNH:4
FNDA:1,setup
FNDA:1,(anonymous_3)
FNDA:1,(anonymous_4)
FNDA:1,(anonymous_5)
DA:1,1
DA:2,1
DA:3,1
DA:4,1
DA:6,1
DA:7,1
DA:11,1
DA:13,1
DA:14,1
DA:17,1
DA:18,1
LF:11
LH:11
BRF:0
BRH:0
end_of_record
TN:
SF:/Users/cent_amadi/Documents/Projects/redux/hiddenwisdom-react-js/src/js/components/profile/Index.js
FN:3,Profile
FNF:1
FNH:1
FNDA:1,Profile
DA:1,1
DA:3,1
DA:4,1
LF:3
LH:3
BRF:0
BRH:0
end_of_record
TN:
SF:/Users/cent_amadi/Documents/Projects/redux/hiddenwisdom-react-js/src/js/components/profile/Index.spec.js
FN:15,(anonymous_3)
FN:16,(anonymous_4)
FNF:2
FNH:2
FNDA:1,(anonymous_3)
FNDA:1,(anonymous_4)
DA:1,1
DA:2,1
DA:3,1
DA:4,1
DA:10,1
DA:12,1
DA:16,1
DA:17,1
DA:20,1
LF:9
LH:9
BRF:0
BRH:0
end_of_record
TN:
SF:/Users/cent_amadi/Documents/Projects/redux/hiddenwisdom-react-js/src/js/components/proverbs/list/Index.js
FN:9,Proverbs
FN:24,mapStateToProps
FN:29,mapDispatchToProps
FNF:3
FNH:1
FNDA:1,Proverbs
FNDA:0,mapStateToProps
FNDA:0,mapDispatchToProps
DA:1,1
DA:2,1
DA:3,1
DA:5,1
DA:6,1
DA:9,2
DA:14,1
DA:24,1
DA:25,0
DA:26,0
DA:29,1
DA:30,0
LF:12
LH:9
BRDA:9,1,0,1
BRDA:9,1,1,0
BRF:2
BRH:1
end_of_record
TN:
SF:/Users/cent_amadi/Documents/Projects/redux/hiddenwisdom-react-js/src/js/components/proverbs/list/ListPage.js
FN:4,ListPage
FNF:1
FNH:1
FNDA:1,ListPage
DA:1,1
DA:2,1
DA:4,1
DA:5,1
LF:4
LH:4
BRF:0
BRH:0
end_of_record
TN:
SF:/Users/cent_amadi/Documents/Projects/redux/hiddenwisdom-react-js/src/js/components/proverbs/list/ListPage.spec.js
FN:19,(anonymous_3)
FN:22,(anonymous_4)
FN:26,(anonymous_5)
FNF:3
FNH:3
FNDA:1,(anonymous_3)
FNDA:1,(anonymous_4)
FNDA:1,(anonymous_5)
DA:1,1
DA:2,1
DA:3,1
DA:4,1
DA:10,1
DA:16,1
DA:20,1
DA:22,1
DA:23,1
DA:26,1
DA:27,1
DA:28,1
LF:12
LH:12
BRF:0
BRH:0
end_of_record
TN:
SF:/Users/cent_amadi/Documents/Projects/redux/hiddenwisdom-react-js/src/js/components/proverbs/list/index.spec.js
FN:19,(anonymous_3)
FN:20,(anonymous_4)
FNF:2
FNH:2
FNDA:1,(anonymous_3)
FNDA:1,(anonymous_4)
DA:1,1
DA:2,1
DA:3,1
DA:4,1
DA:10,1
DA:16,1
DA:20,1
DA:21,1
DA:24,1
LF:9
LH:9
BRF:0
BRH:0
end_of_record
TN:
SF:/Users/cent_amadi/Documents/Projects/redux/hiddenwisdom-react-js/src/js/components/proverbs/proverb/Index.js
FN:3,Proverb
FNF:1
FNH:1
FNDA:1,Proverb
DA:1,1
DA:3,1
DA:4,1
LF:3
LH:3
BRF:0
BRH:0
end_of_record
TN:
SF:/Users/cent_amadi/Documents/Projects/redux/hiddenwisdom-react-js/src/js/components/proverbs/proverb/Index.spec.js
FN:15,(anonymous_3)
FN:16,(anonymous_4)
FNF:2
FNH:2
FNDA:1,(anonymous_3)
FNDA:1,(anonymous_4)
DA:1,1
DA:2,1
DA:3,1
DA:4,1
DA:10,1
DA:12,1
DA:16,1
DA:17,1
DA:20,1
LF:9
LH:9
BRF:0
BRH:0
end_of_record
TN:
SF:/Users/cent_amadi/Documents/Projects/redux/hiddenwisdom-react-js/src/js/components/sidebar/Index.js
FN:4,Sidebar
FNF:1
FNH:1
FNDA:1,Sidebar
DA:1,1
DA:2,1
DA:4,1
DA:5,1
LF:4
LH:4
BRF:0
BRH:0
end_of_record
TN:
SF:/Users/cent_amadi/Documents/Projects/redux/hiddenwisdom-react-js/src/js/components/sidebar/Index.spec.js
FN:6,setup
FN:10,(anonymous_3)
FN:13,(anonymous_4)
FN:18,(anonymous_5)
FNF:4
FNH:4
FNDA:1,setup
FNDA:1,(anonymous_3)
FNDA:1,(anonymous_4)
FNDA:1,(anonymous_5)
DA:1,1
DA:2,1
DA:3,1
DA:4,1
DA:6,1
DA:7,1
DA:11,1
DA:13,1
DA:14,1
DA:18,1
DA:19,1
DA:22,1
DA:23,1
DA:24,1
LF:14
LH:14
BRF:0
BRH:0
end_of_record
TN:
SF:/Users/cent_amadi/Documents/Projects/redux/hiddenwisdom-react-js/src/js/config/environment.js
FNF:0
FNH:0
DA:1,1
DA:4,0
DA:6,1
LF:3
LH:2
BRF:0
BRH:0
end_of_record
TN:
SF:/Users/cent_amadi/Documents/Projects/redux/hiddenwisdom-react-js/src/js/reducers/ajaxStatusReducer.js
FN:4,actionTypeEndsInSuccess
FN:8,ajaxCallEnded
FN:12,ajaxStatusReducer
FNF:3
FNH:3
FNDA:6,actionTypeEndsInSuccess
FNDA:6,ajaxCallEnded
FNDA:6,ajaxStatusReducer
DA:1,1
DA:2,1
DA:5,6
DA:9,6
DA:12,12
DA:13,6
DA:14,0
DA:15,6
DA:16,2
DA:18,4
LF:10
LH:9
BRDA:9,1,0,6
BRDA:9,1,1,6
BRDA:12,2,0,2
BRDA:12,2,1,4
BRDA:12,3,0,6
BRDA:12,3,1,6
BRDA:13,4,0,0
BRDA:13,4,1,6
BRDA:15,5,0,2
BRDA:15,5,1,4
BRF:10
BRH:9
end_of_record
TN:
SF:/Users/cent_amadi/Documents/Projects/redux/hiddenwisdom-react-js/src/js/reducers/index.js
FNF:0
FNH:0
DA:1,1
DA:2,1
DA:3,1
DA:4,1
DA:6,1
LF:5
LH:5
BRF:0
BRH:0
end_of_record
TN:
SF:/Users/cent_amadi/Documents/Projects/redux/hiddenwisdom-react-js/src/js/reducers/proverbs/proverbReducer.js
FN:5,proverbReducer
FNF:1
FNH:1
FNDA:9,proverbReducer
DA:1,1
DA:2,1
DA:3,1
DA:5,18
DA:6,9
DA:8,2
DA:11,0
DA:14,3
DA:17,4
LF:9
LH:8
BRDA:5,1,0,2
BRDA:5,1,1,7
BRDA:5,2,0,9
BRDA:5,2,1,9
BRDA:7,3,0,2
BRDA:7,3,1,0
BRDA:7,3,2,3
BRDA:7,3,3,4
BRF:8
BRH:7
end_of_record
TN:
SF:/Users/cent_amadi/Documents/Projects/redux/hiddenwisdom-react-js/src/js/reducers/proverbs/proverbReducer.spec.js
FN:5,(anonymous_3)
FN:6,(anonymous_4)
FN:26,(anonymous_5)
FN:42,(anonymous_6)
FNF:4
FNH:4
FNDA:1,(anonymous_3)
FNDA:1,(anonymous_4)
FNDA:1,(anonymous_5)
FNDA:1,(anonymous_6)
DA:1,1
DA:2,1
DA:3,1
DA:6,1
DA:7,1
DA:8,1
DA:12,1
DA:16,1
DA:19,1
DA:22,1
DA:25,1
DA:27,1
DA:31,1
DA:33,1
DA:36,1
DA:37,1
DA:38,1
DA:39,1
DA:42,1
DA:43,1
DA:47,1
DA:48,1
DA:51,1
DA:54,1
DA:55,1
LF:25
LH:25
BRF:0
BRH:0
end_of_record
TN:
SF:/Users/cent_amadi/Documents/Projects/redux/hiddenwisdom-react-js/src/js/reducers/proverbs/storeHelpers.js
FN:11,loadProverbs
FN:20,edit
FN:30,update
FN:39,updateProverb
FNF:4
FNH:3
FNDA:2,loadProverbs
FNDA:0,edit
FNDA:3,update
FNDA:3,updateProverb
DA:1,1
DA:2,1
DA:12,2
DA:21,0
DA:31,3
DA:40,3
LF:6
LH:5
BRF:0
BRH:0
end_of_record
TN:
SF:/Users/cent_amadi/Documents/Projects/redux/hiddenwisdom-react-js/src/js/reducers/translations/storeHelpers.js
FN:12,loadTranslations
FN:21,edit
FN:31,update
FN:40,updateTranslation
FNF:4
FNH:2
FNDA:3,loadTranslations
FNDA:0,edit
FNDA:0,update
FNDA:3,updateTranslation
DA:1,1
DA:2,1
DA:13,3
DA:22,0
DA:32,0
DA:41,3
DA:42,3
DA:43,3
LF:8
LH:6
BRDA:41,1,0,3
BRDA:41,1,1,0
BRF:2
BRH:1
end_of_record
TN:
SF:/Users/cent_amadi/Documents/Projects/redux/hiddenwisdom-react-js/src/js/reducers/translations/storeHelpers.spec.js
FN:8,(anonymous_3)
FN:17,(anonymous_4)
FN:18,(anonymous_5)
FN:35,(anonymous_6)
FN:36,(anonymous_7)
FNF:5
FNH:5
FNDA:34,(anonymous_3)
FNDA:1,(anonymous_4)
FNDA:1,(anonymous_5)
FNDA:1,(anonymous_6)
FNDA:1,(anonymous_7)
DA:1,1
DA:2,1
DA:4,1
DA:5,1
DA:6,1
DA:9,34
DA:10,34
DA:11,34
DA:18,1
DA:20,1
DA:28,1
DA:31,1
DA:36,1
DA:38,1
DA:39,1
DA:40,1
DA:43,1
DA:46,1
LF:18
LH:18
BRF:0
BRH:0
end_of_record
TN:
SF:/Users/cent_amadi/Documents/Projects/redux/hiddenwisdom-react-js/src/js/reducers/translations/translationReducer.js
FN:11,translationReducer
FNF:1
FNH:1
FNDA:9,translationReducer
DA:1,1
DA:2,1
DA:3,1
DA:11,18
DA:12,9
DA:14,1
DA:16,0
DA:17,0
DA:18,0
DA:22,2
DA:25,6
LF:11
LH:8
BRDA:11,1,0,2
BRDA:11,1,1,7
BRDA:11,2,0,9
BRDA:11,2,1,9
BRDA:13,3,0,1
BRDA:13,3,1,0
BRDA:13,3,2,2
BRDA:13,3,3,6
BRF:8
BRH:7
end_of_record
TN:
SF:/Users/cent_amadi/Documents/Projects/redux/hiddenwisdom-react-js/src/js/reducers/translations/translationReducer.spec.js
FN:5,(anonymous_3)
FN:6,(anonymous_4)
FN:28,(anonymous_5)
FN:49,(anonymous_6)
FNF:4
FNH:4
FNDA:1,(anonymous_3)
FNDA:1,(anonymous_4)
FNDA:1,(anonymous_5)
FNDA:1,(anonymous_6)
DA:1,1
DA:2,1
DA:3,1
DA:6,1
DA:7,1
DA:8,1
DA:9,1
DA:13,1
DA:19,1
DA:21,1
DA:24,1
DA:27,1
DA:29,1
DA:30,1
DA:36,1
DA:37,1
DA:40,1
DA:41,1
DA:44,1
DA:45,1
DA:46,1
DA:49,1
DA:50,1
DA:56,1
DA:57,1
DA:58,1
DA:61,1
DA:62,1
DA:65,1
DA:66,1
LF:30
LH:30
BRF:0
BRH:0
end_of_record
TN:
SF:/Users/cent_amadi/Documents/Projects/redux/hiddenwisdom-react-js/src/js/store/store.spec.js
FN:7,(anonymous_3)
FN:8,(anonymous_4)
FN:26,(anonymous_5)
FNF:3
FNH:3
FNDA:1,(anonymous_3)
FNDA:1,(anonymous_4)
FNDA:1,(anonymous_5)
DA:1,1
DA:2,1
DA:3,1
DA:4,1
DA:5,1
DA:8,1
DA:10,1
DA:11,1
DA:17,1
DA:18,1
DA:21,1
DA:22,1
DA:23,1
DA:26,1
DA:28,1
DA:29,1
DA:32,1
DA:33,1
DA:36,1
DA:37,1
LF:20
LH:20
BRF:0
BRH:0
end_of_record
TN:
SF:/Users/cent_amadi/Documents/Projects/redux/hiddenwisdom-react-js/src/js/utils/AppInit.spec.js
FN:7,(anonymous_2)
FN:8,(anonymous_3)
FNF:2
FNH:2
FNDA:1,(anonymous_2)
FNDA:1,(anonymous_3)
DA:1,1
DA:2,1
DA:3,1
DA:4,1
DA:5,1
DA:8,1
LF:6
LH:6
BRF:0
BRH:0
end_of_record
TN:
SF:/Users/cent_amadi/Documents/Projects/redux/hiddenwisdom-react-js/src/js/utils/appInit.js
FN:3,loadData
FNF:1
FNH:0
FNDA:0,loadData
DA:1,1
DA:4,0
LF:2
LH:1
BRF:0
BRH:0
end_of_record
TN:
SF:/Users/cent_amadi/Documents/Projects/redux/hiddenwisdom-react-js/src/js/utils/enumsHelpers.js
FN:10,update
FN:23,resetStatus
FN:34,serializeByKey
FNF:3
FNH:3
FNDA:25,update
FNDA:25,resetStatus
FNDA:6,serializeByKey
DA:1,1
DA:11,25
DA:12,25
DA:13,25
DA:14,25
DA:15,25
DA:24,25
DA:35,6
DA:36,6
DA:37,6
DA:38,6
DA:39,12
DA:40,12
DA:43,6
LF:14
LH:14
BRDA:11,1,0,0
BRDA:11,1,1,25
BRDA:25,2,0,0
BRDA:25,2,1,25
BRDA:36,3,0,6
BRDA:36,3,1,0
BRDA:39,4,0,12
BRDA:39,4,1,12
BRF:8
BRH:5
end_of_record
TN:
SF:/Users/cent_amadi/Documents/Projects/redux/hiddenwisdom-react-js/src/js/utils/enumsHelpers.spec.js
FN:4,(anonymous_3)
FN:5,(anonymous_4)
FN:21,(anonymous_5)
FNF:3
FNH:3
FNDA:1,(anonymous_3)
FNDA:1,(anonymous_4)
FNDA:1,(anonymous_5)
DA:1,1
DA:2,1
DA:5,1
DA:6,1
DA:10,1
DA:11,1
DA:16,1
DA:17,1
DA:20,1
DA:22,1
DA:26,1
DA:30,1
DA:31,1
LF:13
LH:13
BRF:0
BRH:0
end_of_record
TN:
SF:/Users/cent_amadi/Documents/Projects/redux/hiddenwisdom-react-js/src/js/utils/translationLanguages.js
FN:7,getLanguage
FNF:1
FNH:1
FNDA:3,getLanguage
DA:1,1
DA:8,3
LF:2
LH:2
BRF:0
BRH:0
end_of_record
TN:
SF:/Users/cent_amadi/Documents/Projects/redux/hiddenwisdom-react-js/src/js/utils/translationLanguages.spec.js
FN:4,(anonymous_2)
FN:5,(anonymous_3)
FNF:2
FNH:2
FNDA:1,(anonymous_2)
FNDA:1,(anonymous_3)
DA:1,1
DA:2,1
DA:5,1
DA:6,1
DA:7,1
DA:8,1
DA:10,1
DA:11,1
DA:12,1
LF:9
LH:9
BRF:0
BRH:0
end_of_record
TN:
SF:/Users/cent_amadi/Documents/Projects/redux/hiddenwisdom-react-js/src/js/utils/webAPI.js
FN:5,requestPath
FN:12,requestBody
FN:20,requestHeaders
FN:33,processRequest
FN:42,(anonymous_6)
FN:43,(anonymous_7)
FNF:6
FNH:0
FNDA:0,requestPath
FNDA:0,requestBody
FNDA:0,requestHeaders
FNDA:0,processRequest
FNDA:0,(anonymous_6)
FNDA:0,(anonymous_7)
DA:1,1
DA:2,1
DA:5,1
DA:6,0
DA:7,0
DA:9,0
DA:12,1
DA:13,0
DA:21,0
DA:33,0
DA:34,0
DA:35,0
DA:42,0
DA:44,0
LF:14
LH:4
BRDA:5,1,0,0
BRDA:5,1,1,0
BRDA:5,2,0,0
BRDA:5,2,1,0
BRDA:6,3,0,0
BRDA:6,3,1,0
BRDA:6,4,0,0
BRDA:6,4,1,0
BRDA:14,5,0,0
BRDA:14,5,1,0
BRDA:33,6,0,0
BRDA:33,6,1,0
BRDA:33,7,0,0
BRDA:33,7,1,0
BRF:14
BRH:0
end_of_record
TN:
SF:/Users/cent_amadi/Documents/Projects/redux/hiddenwisdom-react-js/tools/testSetup.js
FN:12,(anonymous_1)
FN:13,(anonymous_2)
FN:14,(anonymous_3)
FN:25,(anonymous_4)
FNF:4
FNH:1
FNDA:0,(anonymous_1)
FNDA:0,(anonymous_2)
FNDA:0,(anonymous_3)
FNDA:205,(anonymous_4)
DA:1,1
DA:7,1
DA:12,1
DA:13,1
DA:14,1
DA:18,1
DA:20,1
DA:23,1
DA:24,1
DA:25,1
DA:26,205
DA:27,187
DA:28,187
DA:32,1
DA:36,1
LF:15
LH:15
BRDA:26,1,0,187
BRDA:26,1,1,18
BRF:2
BRH:2
end_of_record
